info it worked if it ends with ok
verbose cli [ 'node', '/opt/local/bin/npm', 'install', 'socket.io' ]
info using npm@1.1.15
info using node@v0.7.6
verbose config file /Users/datagutt/.npmrc
verbose config file /opt/local/etc/npmrc
verbose config file /opt/local/lib/node_modules/npm/npmrc
verbose caching /Users/datagutt/node_modules/htmlparser/package.json
verbose loadDefaults htmlparser@1.7.3
verbose caching /Users/datagutt/node_modules/websocket-server/package.json
verbose loadDefaults websocket-server@1.4.04
verbose cache add [ 'socket.io', null ]
silly cache add: name, spec, args [ undefined, 'socket.io', [ 'socket.io', null ] ]
verbose parsed url { pathname: 'socket.io', path: 'socket.io', href: 'socket.io' }
verbose addNamed [ 'socket.io', '' ]
verbose addNamed [ null, '' ]
silly name, range, hasData [ 'socket.io', '', false ]
verbose raw, before any munging socket.io
verbose url resolving [ 'https://registry.npmjs.org/', './socket.io' ]
verbose url resolved https://registry.npmjs.org/socket.io
verbose etag "CR00LA7QNZXQR4DNT5CKVEZCI"
http GET https://registry.npmjs.org/socket.io
http 304 https://registry.npmjs.org/socket.io
silly get cb [ 304,
silly get cb   { server: 'CouchDB/1.2.0 (Erlang OTP/R15B)',
silly get cb     etag: '"CR00LA7QNZXQR4DNT5CKVEZCI"',
silly get cb     date: 'Tue, 03 Apr 2012 10:50:47 GMT',
silly get cb     'content-length': '0' } ]
verbose etag socket.io from cache
silly name, range, hasData 2 [ 'socket.io', '', true ]
silly versions [ 'socket.io',
silly versions   [ '0.3.8',
silly versions     '0.4.0',
silly versions     '0.4.1',
silly versions     '0.5.1',
silly versions     '0.5.3',
silly versions     '0.6.0',
silly versions     '0.6.1',
silly versions     '0.6.3',
silly versions     '0.6.4',
silly versions     '0.6.5',
silly versions     '0.6.6',
silly versions     '0.6.7',
silly versions     '0.6.8',
silly versions     '0.6.9',
silly versions     '0.6.10',
silly versions     '0.6.11',
silly versions     '0.6.12',
silly versions     '0.6.14',
silly versions     '0.6.15',
silly versions     '0.6.16',
silly versions     '0.6.17',
silly versions     '0.6.18',
silly versions     '0.7.0',
silly versions     '0.7.1',
silly versions     '0.7.2',
silly versions     '0.7.3',
silly versions     '0.7.4',
silly versions     '0.7.5',
silly versions     '0.7.6',
silly versions     '0.7.7',
silly versions     '0.7.8',
silly versions     '0.7.9',
silly versions     '0.7.10',
silly versions     '0.7.11',
silly versions     '0.8.0',
silly versions     '0.8.1',
silly versions     '0.8.2',
silly versions     '0.8.3',
silly versions     '0.8.4',
silly versions     '0.8.5',
silly versions     '0.8.6',
silly versions     '0.8.7',
silly versions     '0.9.0',
silly versions     '0.9.1',
silly versions     '0.9.1-1',
silly versions     '0.9.2',
silly versions     '0.9.3',
silly versions     '0.9.4' ] ]
verbose bin dist [ null,
verbose bin dist   { shasum: '6e6105306bc831cc896b6b6caaf12dc74ec7fa0f',
verbose bin dist     tarball: 'http://registry.npmjs.org/socket.io/-/socket.io-0.9.4.tgz' } ]
verbose caching /Users/datagutt/.npm/socket.io/0.9.4/package/package.json
verbose loadDefaults socket.io@0.9.4
silly resolved [ { name: 'socket.io',
silly resolved     version: '0.9.4',
silly resolved     description: 'Real-time apps made cross-browser & easy with a WebSocket-like API',
silly resolved     homepage: 'http://socket.io',
silly resolved     keywords: [ 'websocket', 'socket', 'realtime', 'socket.io', 'comet', 'ajax' ],
silly resolved     author: { name: 'Guillermo Rauch', email: 'guillermo@learnboost.com' },
silly resolved     contributors: 
silly resolved      [ { name: 'Guillermo Rauch', email: 'rauchg@gmail.com' },
silly resolved        { name: 'Arnout Kazemier', email: 'info@3rd-eden.com' },
silly resolved        { name: 'Vladimir Dronnikov', email: 'dronnikov@gmail.com' },
silly resolved        { name: 'Einar Otto Stangvik', email: 'einaros@gmail.com' } ],
silly resolved     repository: 
silly resolved      { type: 'git',
silly resolved        url: 'git://github.com/LearnBoost/socket.io.git' },
silly resolved     dependencies: 
silly resolved      { 'socket.io-client': '0.9.4',
silly resolved        policyfile: '0.0.4',
silly resolved        redis: '0.6.7' },
silly resolved     devDependencies: 
silly resolved      { expresso: '0.9.2',
silly resolved        should: '0.0.4',
silly resolved        benchmark: '0.2.2',
silly resolved        microtime: '0.1.3-1',
silly resolved        colors: '0.5.1' },
silly resolved     main: 'index',
silly resolved     engines: { node: '>= 0.4.0' },
silly resolved     scripts: { test: 'make test' },
silly resolved     _id: 'socket.io@0.9.4',
silly resolved     optionalDependencies: {},
silly resolved     _engineSupported: true,
silly resolved     _npmVersion: '1.1.15',
silly resolved     _nodeVersion: 'v0.7.6',
silly resolved     _defaultsLoaded: true,
silly resolved     _from: 'socket.io' } ]
info into /Users/datagutt socket.io@0.9.4
info installOne socket.io@0.9.4
verbose from cache /Users/datagutt/.npm/socket.io/0.9.4/package/package.json
info unbuild /Users/datagutt/node_modules/socket.io
verbose unpack /Users/datagutt/.npm/socket.io/0.9.4/package.tgz
silly gunzTarPerm modes [ '755', '644' ]
silly extracting entry package.json
silly extracting entry .npmignore
silly extracting entry index.js
silly extracting entry .travis.yml
silly extracting entry benchmarks/decode.bench.js
silly extracting entry benchmarks/encode.bench.js
silly extracting entry benchmarks/runner.js
silly extracting entry History.md
silly extracting entry lib/client.js
silly extracting entry lib/manager.js
silly extracting entry lib/namespace.js
silly extracting entry lib/parser.js
silly extracting entry lib/socket.io.js
silly extracting entry lib/logger.js
silly extracting entry lib/static.js
silly extracting entry lib/store.js
silly extracting entry lib/transport.js
silly extracting entry lib/util.js
silly extracting entry lib/socket.js
silly extracting entry lib/stores/memory.js
silly extracting entry lib/stores/redis.js
silly extracting entry lib/transports/flashsocket.js
silly extracting entry lib/transports/htmlfile.js
silly extracting entry lib/transports/http-polling.js
silly extracting entry lib/transports/http.js
silly extracting entry lib/transports/index.js
silly extracting entry lib/transports/jsonp-polling.js
silly extracting entry lib/transports/websocket.js
silly extracting entry lib/transports/xhr-polling.js
silly extracting entry lib/transports/websocket/default.js
silly extracting entry lib/transports/websocket/hybi-07-12.js
silly extracting entry lib/transports/websocket/hybi-16.js
silly extracting entry lib/transports/websocket/index.js
silly extracting entry Makefile
silly extracting entry Readme.md
verbose caching /Users/datagutt/node_modules/socket.io/package.json
verbose loadDefaults socket.io@0.9.4
